<?xml version="1.0" encoding="UTF-8"?>
<!-- Generated by org.testng.reporters.JUnitReportReporter -->
<testsuite skipped="0" hostname="511A-PC" name="ppfpack.tests.LoginTest" tests="1" failures="0" timestamp="2019-10-09T23:44:11 PDT" time="28.813" errors="0">
  <testcase name="testLogin" time="28.813" classname="ppfpack.tests.LoginTest"/>
</testsuite> <!-- ppfpack.tests.LoginTest -->
